tech_done DB-02 sec=4723.3603 hit=False
check_start check_sql_injection
check_done check_sql_injection sec=0.0003 count=0
check_start check_complexity
check_done check_complexity sec=0.0016 count=1
check_start check_unused_variables
check_done check_unused_variables sec=0.0095 count=0
check_start check_db_query_error
check_done check_db_query_error sec=0.0000 count=0
check_start check_dp_function_exception
check_done check_dp_function_exception sec=0.0033 count=0
check_start check_consecutive_dpset
check_done check_consecutive_dpset sec=0.0037 count=0
check_start check_memory_leaks_advanced
check_done check_memory_leaks_advanced sec=0.0085 count=0
check_start check_input_validation
check_done check_input_validation sec=0.0022 count=1
check_start check_coding_standards_advanced
check_done check_coding_standards_advanced sec=0.0052 count=1
all_done
